<?xml version="1.0" encoding="UTF-8"?>
<!-- Generated by org.testng.reporters.JUnitReportReporter -->
<testsuite hostname="DESKTOP-OJFEH9S" failures="0" tests="1" name="stepcalender.keyaction" time="11.635" errors="0" timestamp="2023-02-03T15:28:33 IST" skipped="0">
  <testcase classname="stepcalender.keyaction" name="i_want_to_verify_the_keyword" time="11.635"/>
  <system-out/>
</testsuite> <!-- stepcalender.keyaction -->
