<?xml version="1.0" encoding="UTF-8"?>
<!-- Generated by org.testng.reporters.JUnitReportReporter -->
<testsuite hostname="DESKTOP-OJFEH9S" failures="0" tests="2" name="stepcalender.calender" time="11.751" errors="0" timestamp="2023-02-02T18:48:31 IST" skipped="0">
  <testcase classname="stepcalender.calender" name="i_want_to_verify_the_calender" time="8.257"/>
  <system-out/>
  <testcase classname="stepcalender.calender" name="automate_the_months_and_years" time="3.494"/>
  <system-out/>
</testsuite> <!-- stepcalender.calender -->
